<?xml version="1.0" encoding="UTF-8"?>
<testsuite name="com.learning.cukes.RunnerClassTest" time="0.004" tests="20" errors="0" skipped="0" failures="0">
  <properties>
    <property name="java.runtime.name" value="Java(TM) SE Runtime Environment"/>
    <property name="sun.boot.library.path" value="C:\Program Files\Java\jdk1.8.0_51\jre\bin"/>
    <property name="java.vm.version" value="25.51-b03"/>
    <property name="java.vm.vendor" value="Oracle Corporation"/>
    <property name="maven.multiModuleProjectDirectory" value="C:\Users\fennymon\Desktop\CurrentBDD\JavaCukesCustomPOM\JavaCukesCustomPOM"/>
    <property name="java.vendor.url" value="http://java.oracle.com/"/>
    <property name="path.separator" value=";"/>
    <property name="guice.disable.misplaced.annotation.check" value="true"/>
    <property name="java.vm.name" value="Java HotSpot(TM) 64-Bit Server VM"/>
    <property name="file.encoding.pkg" value="sun.io"/>
    <property name="user.script" value=""/>
    <property name="user.country" value="GB"/>
    <property name="sun.java.launcher" value="SUN_STANDARD"/>
    <property name="sun.os.patch.level" value=""/>
    <property name="java.vm.specification.name" value="Java Virtual Machine Specification"/>
    <property name="user.dir" value="C:\Users\fennymon\Desktop\CurrentBDD\JavaCukesCustomPOM\JavaCukesCustomPOM"/>
    <property name="java.runtime.version" value="1.8.0_51-b16"/>
    <property name="java.awt.graphicsenv" value="sun.awt.Win32GraphicsEnvironment"/>
    <property name="java.endorsed.dirs" value="C:\Program Files\Java\jdk1.8.0_51\jre\lib\endorsed"/>
    <property name="os.arch" value="amd64"/>
    <property name="java.io.tmpdir" value="C:\Users\fennymon\AppData\Local\Temp\"/>
    <property name="line.separator" value="&#10;"/>
    <property name="java.vm.specification.vendor" value="Oracle Corporation"/>
    <property name="user.variant" value=""/>
    <property name="os.name" value="Windows 8.1"/>
    <property name="classworlds.conf" value="C:\Users\fennymon\Downloads\apache-maven-3.3.9-bin\apache-maven-3.3.9\bin\m2.conf"/>
    <property name="sun.jnu.encoding" value="Cp1252"/>
    <property name="java.library.path" value="C:\Program Files\Java\jdk1.8.0_51\bin;C:\WINDOWS\Sun\Java\bin;C:\WINDOWS\system32;C:\WINDOWS;C:\ProgramData\Oracle\Java\javapath;C:\oraclexe\app\oracle\product\11.2.0\server\bin;C:\Windows\system32;C:\Windows;C:\Windows\System32\Wbem;C:\Program Files (x86)\Common Files\Roxio Shared\OEM\DLLShared\;C:\Program Files (x86)\Common Files\Roxio Shared\OEM\12.0\DLLShared\;C:\Program Files (x86)\Roxio\OEM\AudioCore\;C:\Program Files (x86)\Microsoft SQL Server\100\Tools\Binn\;c:\Program Files\Microsoft SQL Server\100\Tools\Binn\;c:\Program Files\Microsoft SQL Server\100\DTS\Binn\;C:\Program Files\Windows Fabric\bin\Fabric\Fabric.Code.1.0;C:\Windows\System32\WindowsPowerShell\v1.0\;C:\Program Files\Microsoft\Web Platform Installer\;C:\Program Files (x86)\Microsoft SQL Server\100\Tools\Binn\VSShell\Common7\IDE\;C:\Program Files (x86)\Microsoft Visual Studio 9.0\Common7\IDE\PrivateAssemblies\;C:\Program Files (x86)\Microsoft SQL Server\100\DTS\Binn\;C:\WINDOWS\System32\WindowsPowerShell\v1.0\;C:\Users\fennymon\Downloads\apache-maven-3.3.9-bin\apache-maven-3.3.9\bin;C:\Program Files (x86)\MySQL\MySQL Utilities 1.3.4\;C:\Program Files\Java\jre8\bin;C:\Users\fennymon\Downloads\apache-ant-1.9.4-bin\apache-ant-1.9.4\bin;C:\Program Files\Microsoft SQL Server\110\Tools\Binn\;C:\Program Files\Microsoft SQL Server\120\Tools\Binn\;c:\Program Files (x86)\Microsoft SQL Server\110\Tools\Binn\;c:\Program Files\Microsoft SQL Server\110\DTS\Binn\;C:\Program Files (x86)\QuickTime\QTSystem\;C:\PROGRA~2\Groovy\GROOVY~1.5\bin;C:\WINDOWS\system32;C:\WINDOWS;C:\WINDOWS\System32\Wbem;C:\WINDOWS\System32\WindowsPowerShell\v1.0\;C:\Program Files\Java\jdk1.8.0_05\bin;."/>
    <property name="java.specification.name" value="Java Platform API Specification"/>
    <property name="java.class.version" value="52.0"/>
    <property name="sun.management.compiler" value="HotSpot 64-Bit Tiered Compilers"/>
    <property name="os.version" value="6.3"/>
    <property name="user.home" value="C:\Users\fennymon"/>
    <property name="user.timezone" value="Europe/London"/>
    <property name="java.awt.printerjob" value="sun.awt.windows.WPrinterJob"/>
    <property name="java.specification.version" value="1.8"/>
    <property name="file.encoding" value="Cp1252"/>
    <property name="user.name" value="fennymon"/>
    <property name="java.class.path" value="C:\Users\fennymon\Downloads\apache-maven-3.3.9-bin\apache-maven-3.3.9\boot\plexus-classworlds-2.5.2.jar"/>
    <property name="java.vm.specification.version" value="1.8"/>
    <property name="sun.arch.data.model" value="64"/>
    <property name="java.home" value="C:\Program Files\Java\jdk1.8.0_51\jre"/>
    <property name="sun.java.command" value="org.codehaus.plexus.classworlds.launcher.Launcher test"/>
    <property name="java.specification.vendor" value="Oracle Corporation"/>
    <property name="user.language" value="en"/>
    <property name="awt.toolkit" value="sun.awt.windows.WToolkit"/>
    <property name="java.vm.info" value="mixed mode"/>
    <property name="java.version" value="1.8.0_51"/>
    <property name="java.ext.dirs" value="C:\Program Files\Java\jdk1.8.0_51\jre\lib\ext;C:\WINDOWS\Sun\Java\lib\ext"/>
    <property name="sun.boot.class.path" value="C:\Program Files\Java\jdk1.8.0_51\jre\lib\resources.jar;C:\Program Files\Java\jdk1.8.0_51\jre\lib\rt.jar;C:\Program Files\Java\jdk1.8.0_51\jre\lib\sunrsasign.jar;C:\Program Files\Java\jdk1.8.0_51\jre\lib\jsse.jar;C:\Program Files\Java\jdk1.8.0_51\jre\lib\jce.jar;C:\Program Files\Java\jdk1.8.0_51\jre\lib\charsets.jar;C:\Program Files\Java\jdk1.8.0_51\jre\lib\jfr.jar;C:\Program Files\Java\jdk1.8.0_51\jre\classes"/>
    <property name="sun.stderr.encoding" value="cp850"/>
    <property name="java.vendor" value="Oracle Corporation"/>
    <property name="maven.home" value="C:\Users\fennymon\Downloads\apache-maven-3.3.9-bin\apache-maven-3.3.9"/>
    <property name="file.separator" value="\"/>
    <property name="java.vendor.url.bug" value="http://bugreport.sun.com/bugreport/"/>
    <property name="sun.cpu.endian" value="little"/>
    <property name="sun.io.unicode.encoding" value="UnicodeLittle"/>
    <property name="sun.stdout.encoding" value="cp850"/>
    <property name="sun.desktop" value="windows"/>
    <property name="sun.cpu.isalist" value="amd64"/>
  </properties>
  <testcase name="Given the Symbiote home page &quot;https://symbiote-app.herokuapp.com&quot; on &quot;chrome&quot;" classname="| chrome |" time="0"/>
  <testcase name="And logging in as an admin" classname="| chrome |" time="0"/>
  <testcase name="Then the home page navigation is available" classname="| chrome |" time="0"/>
  <testcase name="| chrome |" classname="| chrome |" time="0"/>
  <testcase name="Given the Symbiote home page &quot;https://symbiote-app.herokuapp.com&quot; on &quot;firefox&quot;" classname="| firefox |" time="0"/>
  <testcase name="And logging in as an admin" classname="| firefox |" time="0"/>
  <testcase name="Then the home page navigation is available" classname="| firefox |" time="0"/>
  <testcase name="| firefox |" classname="| firefox |" time="0.001"/>
  <testcase name="Given the Symbiote home page &quot;https://symbiote-app.herokuapp.com&quot; on &quot;phantomjs&quot;" classname="| phantomjs |" time="0"/>
  <testcase name="And logging in as an admin" classname="| phantomjs |" time="0"/>
  <testcase name="Then the home page navigation is available" classname="| phantomjs |" time="0"/>
  <testcase name="| phantomjs |" classname="| phantomjs |" time="0.001"/>
  <testcase name="Given the Symbiote home page &quot;https://symbiote-app.herokuapp.com&quot; on &quot;IE&quot;" classname="| IE |" time="0"/>
  <testcase name="And logging in as an admin" classname="| IE |" time="0"/>
  <testcase name="Then the home page navigation is available" classname="| IE |" time="0"/>
  <testcase name="| IE |" classname="| IE |" time="0.001"/>
  <testcase name="Given the Symbiote home page &quot;https://symbiote-app.herokuapp.com&quot; on &quot;edge&quot;" classname="| edge |" time="0"/>
  <testcase name="And logging in as an admin" classname="| edge |" time="0"/>
  <testcase name="Then the home page navigation is available" classname="| edge |" time="0"/>
  <testcase name="| edge |" classname="| edge |" time="0.001"/>
</testsuite>